C51 COMPILER V9.60.0.0   PROTOCOL                                                          02/18/2021 10:10:08 PAGE 1   


C51 COMPILER V9.60.0.0, COMPILATION OF MODULE PROTOCOL
OBJECT MODULE PLACED IN .\Obj\protocol.obj
COMPILER INVOKED BY: D:\Keil_v5\C51\BIN\C51.EXE mcu_sdk\protocol.c LARGE OPTIMIZE(9,SPEED) BROWSE INCDIR(.\;.\src;.\mcu_
                    -sdk) DEBUG OBJECTEXTEND PRINT(.\List\protocol.lst) TABS(2) OBJECT(.\Obj\protocol.obj)

line level    source

   1          /**********************************Copyright (c)**********************************
   2          **                       版权所有 (C), 2015-2020, 涂鸦科技
   3          **
   4          **                             http://www.tuya.com
   5          **
   6          *********************************************************************************/
   7          /**
   8           * @file    protocol.c
   9           * @author  涂鸦综合协议开发组
  10           * @version v2.5.6
  11           * @date    2020.12.16
  12           * @brief                
  13           *                       *******非常重要，一定要看哦！！！********
  14           *          1. 用户在此文件中实现数据下发/上报功能
  15           *          2. DP的ID/TYPE及数据处理函数都需要用户按照实际定义实现
  16           *          3. 当开始某些宏定义后需要用户实现代码的函数内部有#err提示,完成函
             -后请删除该#err
  17           */
  18          
  19          /****************************** 免责声明 ！！！ *******************************
  20          由于MCU类型和编译环境多种多样，所以此代码仅供参考，用户请自行把控最终代
             -质量，
  21          涂鸦不对MCU功能结果负责。
  22          ******************************************************************************/
  23          
  24          /******************************************************************************
  25                                          移植须知:
  26          1:MCU必须在while中直接调用mcu_api.c内的wifi_uart_service()函数
  27          2:程序正常初始化完成后,建议不进行关串口中断,如必须关中断,关中断时间必须
             -,关中断会引起串口数据包丢失
  28          3:请勿在中断/定时器中断内调用上报函数
  29          ******************************************************************************/
  30          
  31          #include "wifi.h"
  32          #include "include.h"
  33          
  34          #ifdef WEATHER_ENABLE
              /**
               * @var    weather_choose
               * @brief  天气数据参数选择数组
               * @note   用户可以自定义需要的参数，注释或者取消注释即可，注意更改
               */
              const char *weather_choose[WEATHER_CHOOSE_CNT] = {
                  "temp",
                  "humidity",
                  "condition",
                  "pm25",
                  /*"pressure",
                  "realFeel",
                  "uvi",
                  "tips",
                  "windDir",
                  "windLevel",
                  "windSpeed",
C51 COMPILER V9.60.0.0   PROTOCOL                                                          02/18/2021 10:10:08 PAGE 2   

                  "sunRise",
                  "sunSet",
                  "aqi",
                  "so2 ",
                  "rank",
                  "pm10",
                  "o3",
                  "no2",
                  "co",
                  "conditionNum",*/
              };
              #endif
  64          
  65          
  66          /******************************************************************************
  67                                        第一步:初始化
  68          1:在需要使用到wifi相关文件的文件中include "wifi.h"
  69          2:在MCU初始化中调用mcu_api.c文件中的wifi_protocol_init()函数
  70          3:将MCU串口单字节发送函数填入protocol.c文件中uart_transmit_output函数内,并删除#error
  71          4:在MCU串口接收函数中调用mcu_api.c文件内的uart_receive_input函数,并将接收到的字节
             -为参数传入
  72          5:单片机进入while循环后调用mcu_api.c文件内的wifi_uart_service()函数
  73          ******************************************************************************/
  74          
  75          /******************************************************************************
  76                                  1:dp数据点序列类型对照表
  77                    **此为自动生成代码,如在开发平台有相关修改请重新下载MCU_SDK**         
  78          ******************************************************************************/
  79          const DOWNLOAD_CMD_S download_cmd[] =
  80          {
  81            {DPID_TEMP_CURRENT, DP_TYPE_VALUE},
  82            {DPID_HUMIDITY_VALUE, DP_TYPE_VALUE},
  83            {DPID_BATTERY_STATE, DP_TYPE_ENUM},
  84            {DPID_BATTERY_PERCENTAGE, DP_TYPE_VALUE},
  85            {DPID_TEMP_SAMPLING, DP_TYPE_VALUE},
  86            {DPID_HUMIDITY_SAMPLING, DP_TYPE_VALUE},
  87          };
  88          
  89          
  90          
  91          /******************************************************************************
  92                                     2:串口单字节发送函数
  93          请将MCU串口发送函数填入该函数内,并将接收到的数据作为参数传入串口发送函数
  94          ******************************************************************************/
  95          
  96          /**
  97           * @brief  串口发送数据
  98           * @param[in] {value} 串口要发送的1字节数据
  99           * @return Null
 100           */
 101          void uart_transmit_output(unsigned char value)
 102          {
 103   1          //#error "请将MCU串口发送函数填入该函数,并删除该行"
 104   1          extern void Uart_PutChar(unsigned char value);
 105   1          Uart_PutChar(value);                          
 106   1          
 107   1      /*
 108   1          //Example:
 109   1          extern void Uart_PutChar(unsigned char value);
 110   1          Uart_PutChar(value);                                  //串口发送函数
 111   1      */
 112   1      }
C51 COMPILER V9.60.0.0   PROTOCOL                                                          02/18/2021 10:10:08 PAGE 3   

 113          
 114          /******************************************************************************
 115                                     第二步:实现具体用户函数
 116          1:APP下发数据处理
 117          2:数据上报处理
 118          ******************************************************************************/
 119          
 120          /******************************************************************************
 121                                      1:所有数据上报处理
 122          当前函数处理全部数据上报(包括可下发/可上报和只上报)
 123            需要用户按照实际情况实现:
 124            1:需要实现可下发/可上报数据点上报
 125            2:需要实现只上报数据点上报
 126          此函数为MCU内部必须调用
 127          用户也可调用此函数实现全部数据上报
 128          ******************************************************************************/
 129          
 130          //自动化生成数据上报函数
 131          
 132          /**
 133           * @brief  系统所有dp点信息上传,实现APP和muc数据同步
 134           * @param  Null
 135           * @return Null
 136           * @note   此函数SDK内部需调用，MCU必须实现该函数内数据上报功能，包括只上报
             -可上报可下发型数据
 137           */
 138          void all_data_update(void)
 139          {
 140   1          //#error "请在此处理可下发可上报数据及只上报数据示例,处理完成后删除该行"
 141   1          mcu_dp_value_update(DPID_TEMP_CURRENT,FlashBuffer.temper); //VALUE型数据上报;
 142   1          mcu_dp_value_update(DPID_HUMIDITY_VALUE,FlashBuffer.humidity); //VALUE型数据上报;
 143   1          mcu_dp_enum_update(DPID_BATTERY_STATE,FlashBuffer.Power); //枚举型数据上报;
 144   1          mcu_dp_value_update(DPID_BATTERY_PERCENTAGE,FlashBuffer.Power); //VALUE型数据上报;
 145   1          mcu_dp_value_update(DPID_TEMP_SAMPLING,FlashBuffer.SAMPLING); //VALUE型数据上报;
 146   1          mcu_dp_value_update(DPID_HUMIDITY_SAMPLING,FlashBuffer.SAMPLING); //VALUE型数据上报;
 147   1          /*
 148   1          //此代码为平台自动生成，请按照实际数据修改每个可下发可上报函数和只上
             -函数
 149   1          mcu_dp_value_update(DPID_TEMP_CURRENT,当前当前温度); //VALUE型数据上报;
 150   1          mcu_dp_value_update(DPID_HUMIDITY_VALUE,当前当前湿度); //VALUE型数据上报;
 151   1          mcu_dp_enum_update(DPID_BATTERY_STATE,当前电池电量状态); //枚举型数据上报;
 152   1          mcu_dp_value_update(DPID_BATTERY_PERCENTAGE,当前电池电量); //VALUE型数据上报;
 153   1          mcu_dp_value_update(DPID_TEMP_SAMPLING,当前温度采样时间设置); //VALUE型数据上报;
 154   1          mcu_dp_value_update(DPID_HUMIDITY_SAMPLING,当前湿度采样时间设置); //VALUE型数据上报;
 155   1      
 156   1          */
 157   1      }
 158          
 159          
 160          /******************************************************************************
 161                                          WARNING!!!    
 162                                      2:所有数据上报处理
 163          自动化代码模板函数,具体请用户自行实现数据处理
 164          ******************************************************************************/
 165          /*****************************************************************************
 166          函数名称 : dp_download_temp_sampling_handle
 167          功能描述 : 针对DPID_TEMP_SAMPLING的处理函数
 168          输入参数 : value:数据源数据
 169                  : length:数据长度
 170          返回参数 : 成功返回:SUCCESS/失败返回:ERROR
 171          使用说明 : 可下发可上报类型,需要在处理完数据后上报处理结果至app
 172          *****************************************************************************/
C51 COMPILER V9.60.0.0   PROTOCOL                                                          02/18/2021 10:10:08 PAGE 4   

 173          static unsigned char dp_download_temp_sampling_handle(const unsigned char value[], unsigned short length)
 174          {
 175   1          //示例:当前DP类型为VALUE
 176   1          unsigned char ret;
 177   1          unsigned long temp_sampling;
 178   1          
 179   1          temp_sampling = mcu_get_dp_download_value(value,length);
 180   1          /*
 181   1          //VALUE类型数据处理
 182   1          
 183   1          */
 184   1          FlashBuffer.SAMPLING = temp_sampling;
 185   1          //处理完DP数据后应有反馈
 186   1          ret = mcu_dp_value_update(DPID_TEMP_SAMPLING,temp_sampling);
 187   1          if(ret == SUCCESS)
 188   1              return SUCCESS;
 189   1          else
 190   1              return ERROR;
 191   1      }
 192          /*****************************************************************************
 193          函数名称 : dp_download_humidity_sampling_handle
 194          功能描述 : 针对DPID_HUMIDITY_SAMPLING的处理函数
 195          输入参数 : value:数据源数据
 196                  : length:数据长度
 197          返回参数 : 成功返回:SUCCESS/失败返回:ERROR
 198          使用说明 : 可下发可上报类型,需要在处理完数据后上报处理结果至app
 199          *****************************************************************************/
 200          static unsigned char dp_download_humidity_sampling_handle(const unsigned char value[], unsigned short leng
             -th)
 201          {
 202   1          //示例:当前DP类型为VALUE
 203   1          unsigned char ret;
 204   1          unsigned long humidity_sampling;
 205   1          
 206   1          humidity_sampling = mcu_get_dp_download_value(value,length);
 207   1          /*
 208   1          //VALUE类型数据处理
 209   1          
 210   1          */
 211   1          FlashBuffer.SAMPLING = humidity_sampling;
 212   1          //处理完DP数据后应有反馈
 213   1          ret = mcu_dp_value_update(DPID_HUMIDITY_SAMPLING,humidity_sampling);
 214   1          if(ret == SUCCESS)
 215   1              return SUCCESS;
 216   1          else
 217   1              return ERROR;
 218   1      }
 219          
 220          
 221          
 222          
 223          /******************************************************************************
 224                                          WARNING!!!                     
 225          此部分函数用户请勿修改!!
 226          ******************************************************************************/
 227          
 228          /**
 229           * @brief  dp下发处理函数
 230           * @param[in] {dpid} dpid 序号
 231           * @param[in] {value} dp数据缓冲区地址
 232           * @param[in] {length} dp数据长度
 233           * @return dp处理结果
C51 COMPILER V9.60.0.0   PROTOCOL                                                          02/18/2021 10:10:08 PAGE 5   

 234           * -           0(ERROR): 失败
 235           * -           1(SUCCESS): 成功
 236           * @note   该函数用户不能修改
 237           */
 238          unsigned char dp_download_handle(unsigned char dpid,const unsigned char value[], unsigned short length)
 239          {
 240   1          /*********************************
 241   1          当前函数处理可下发/可上报数据调用                    
 242   1          具体函数内需要实现下发数据处理
 243   1          完成用需要将处理结果反馈至APP端,否则APP会认为下发失败
 244   1          ***********************************/
 245   1          unsigned char ret;
 246   1          switch(dpid) {
 247   2              case DPID_TEMP_SAMPLING:
 248   2                  //温度采样时间设置处理函数
 249   2                  ret = dp_download_temp_sampling_handle(value,length);
 250   2              break;
 251   2              case DPID_HUMIDITY_SAMPLING:
 252   2                  //湿度采样时间设置处理函数
 253   2                  ret = dp_download_humidity_sampling_handle(value,length);
 254   2              break;
 255   2      
 256   2              
 257   2              default:
 258   2              break;
 259   2          }
 260   1          return ret;
 261   1      }
 262          
 263          /**
 264           * @brief  获取所有dp命令总和
 265           * @param[in] Null
 266           * @return 下发命令总和
 267           * @note   该函数用户不能修改
 268           */
 269          unsigned char get_download_cmd_total(void)
 270          {
 271   1          return(sizeof(download_cmd) / sizeof(download_cmd[0]));
 272   1      }
 273          
 274          
 275          /******************************************************************************
 276                                          WARNING!!!                     
 277          此代码为SDK内部调用,请按照实际dp数据实现函数内部数据
 278          ******************************************************************************/
 279          
 280          #ifdef SUPPORT_MCU_FIRM_UPDATE
              /**
               * @brief  升级包大小选择
               * @param[in] {package_sz} 升级包大小
               * @ref           0x00: 256byte (默认)
               * @ref           0x01: 512byte
               * @ref           0x02: 1024byte
               * @return Null
               * @note   MCU需要自行实现该功能
               */
              void upgrade_package_choose(unsigned char package_sz)
              {
                  #error "请自行实现请自行实现升级包大小选择代码,完成后请删除该行"
                  unsigned short send_len = 0;
                  send_len = set_wifi_uart_byte(send_len, package_sz);
                  wifi_uart_write_frame(UPDATE_START_CMD, MCU_TX_VER, send_len);
C51 COMPILER V9.60.0.0   PROTOCOL                                                          02/18/2021 10:10:08 PAGE 6   

              }
              
              /**
               * @brief  MCU进入固件升级模式
               * @param[in] {value} 固件缓冲区
               * @param[in] {position} 当前数据包在于固件位置
               * @param[in] {length} 当前固件包长度(固件包长度为0时,表示固件包发送完成)
               * @return Null
               * @note   MCU需要自行实现该功能
               */
              unsigned char mcu_firm_update_handle(const unsigned char value[],unsigned long position,unsigned short len
             -gth)
              {
                  #error "请自行完成MCU固件升级代码,完成后请删除该行"
                  if(length == 0) {
                      //固件数据发送完成
                    
                  }else {
                      //固件数据处理
                    
                  }
                  
                  return SUCCESS;
              }
              #endif
 320          
 321          #ifdef SUPPORT_GREEN_TIME
              /**
               * @brief  获取到的格林时间
               * @param[in] {time} 获取到的格林时间数据
               * @return Null
               * @note   MCU需要自行实现该功能
               */
              void mcu_get_greentime(unsigned char time[])
              {
                  #error "请自行完成相关代码,并删除该行"
                  /*
                  time[0] 为是否获取时间成功标志，为 0 表示失败，为 1表示成功
                  time[1] 为年份，0x00 表示 2000 年
                  time[2] 为月份，从 1 开始到12 结束
                  time[3] 为日期，从 1 开始到31 结束
                  time[4] 为时钟，从 0 开始到23 结束
                  time[5] 为分钟，从 0 开始到59 结束
                  time[6] 为秒钟，从 0 开始到59 结束
                  */
                  if(time[0] == 1) {
                      //正确接收到wifi模块返回的格林数据
                      
                  }else {
                      //获取格林时间出错,有可能是当前wifi模块未联网
                  }
              }
              #endif
 348          
 349          #ifdef SUPPORT_MCU_RTC_CHECK
              /**
               * @brief  MCU校对本地RTC时钟
               * @param[in] {time} 获取到的格林时间数据
               * @return Null
               * @note   MCU需要自行实现该功能
               */
              void mcu_write_rtctime(unsigned char time[])
C51 COMPILER V9.60.0.0   PROTOCOL                                                          02/18/2021 10:10:08 PAGE 7   

              {
                  #error "请自行完成RTC时钟写入代码,并删除该行"
                  /*
                  Time[0] 为是否获取时间成功标志，为 0 表示失败，为 1表示成功
                  Time[1] 为年份，0x00 表示 2000 年
                  Time[2] 为月份，从 1 开始到12 结束
                  Time[3] 为日期，从 1 开始到31 结束
                  Time[4] 为时钟，从 0 开始到23 结束
                  Time[5] 为分钟，从 0 开始到59 结束
                  Time[6] 为秒钟，从 0 开始到59 结束
                  Time[7] 为星期，从 1 开始到 7 结束，1代表星期一
                 */
                  if(time[0] == 1) {
                      //正确接收到wifi模块返回的本地时钟数据
                   
                  }else {
                      //获取本地时钟数据出错,有可能是当前wifi模块未联网
                  }
              }
              #endif
 377          
 378          #ifdef WIFI_TEST_ENABLE
              /**
               * @brief  wifi功能测试反馈
               * @param[in] {result} wifi功能测试结果
               * @ref       0: 失败
               * @ref       1: 成功
               * @param[in] {rssi} 测试成功表示wifi信号强度/测试失败表示错误类型
               * @return Null
               * @note   MCU需要自行实现该功能
               */
              void wifi_test_result(unsigned char result,unsigned char rssi)
              {
                  //#error "请自行实现wifi功能测试成功/失败代码,完成后请删除该行"
                  if(result == 0) {
                      //测试失败
                      if(rssi == 0x00) {
                          //未扫描到名称为tuya_mdev_test路由器,请检查
                      }else if(rssi == 0x01) {
                          //模块未授权
                      }
                  }else {
                      //测试成功
                      //rssi为信号强度(0-100, 0信号最差，100信号最强)
                  }
              }
              #endif
 404          
 405          #ifdef WEATHER_ENABLE
              /**
              * @brief  mcu打开天气服务
               * @param  Null
               * @return Null
               */
              void mcu_open_weather(void)
              {
                  int i = 0;
                  char buffer[13] = {0};
                  unsigned char weather_len = 0;
                  unsigned short send_len = 0;
                  
                  weather_len = sizeof(weather_choose) / sizeof(weather_choose[0]);
C51 COMPILER V9.60.0.0   PROTOCOL                                                          02/18/2021 10:10:08 PAGE 8   

                    
                  for(i=0;i<weather_len;i++) {
                      buffer[0] = sprintf(buffer+1,"w.%s",weather_choose[i]);
                      send_len = set_wifi_uart_buffer(send_len, (unsigned char *)buffer, buffer[0]+1);
                  }
                  
                  #error "请根据提示，自行完善打开天气服务代码，完成后请删除该行"
                  /*
                  //当获取的参数有和时间有关的参数时(如:日出日落)，需要搭配t.unix或者t.local
             -使用，需要获取的参数数据是按照格林时间还是本地时间
                  buffer[0] = sprintf(buffer+1,"t.unix"); //格林时间   或使用  buffer[0] = sprintf(buffer+1,"t.lo
             -cal"); //本地时间
                  send_len = set_wifi_uart_buffer(send_len, (unsigned char *)buffer, buffer[0]+1);
                  */
                  
                  buffer[0] = sprintf(buffer+1,"w.date.%d",WEATHER_FORECAST_DAYS_NUM);
                  send_len = set_wifi_uart_buffer(send_len, (unsigned char *)buffer, buffer[0]+1);
                  
                  wifi_uart_write_frame(WEATHER_OPEN_CMD, MCU_TX_VER, send_len);
              }
              
              /**
               * @brief  打开天气功能返回用户自处理函数
               * @param[in] {res} 打开天气功能返回结果
               * @ref       0: 失败
               * @ref       1: 成功
               * @param[in] {err} 错误码
               * @return Null
               * @note   MCU需要自行实现该功能
               */
              void weather_open_return_handle(unsigned char res, unsigned char err)
              {
                  #error "请自行完成打开天气功能返回数据处理代码,完成后请删除该行"
                  unsigned char err_num = 0;
                  
                  if(res == 1) {
                      //打开天气返回成功
                  }else if(res == 0) {
                      //打开天气返回失败
                      //获取错误码
                      err_num = err; 
                  }
              }
              
              /**
               * @brief  天气数据用户自处理函数
               * @param[in] {name} 参数名
               * @param[in] {type} 参数类型
               * @ref       0: int 型
               * @ref       1: string 型
               * @param[in] {data} 参数值的地址
               * @param[in] {day} 哪一天的天气  0:表示当天 取值范围: 0~6
               * @ref       0: 今天
               * @ref       1: 明天
               * @return Null
               * @note   MCU需要自行实现该功能
               */
              void weather_data_user_handle(char *name, unsigned char type, const unsigned char *data, char day)
              {
                  #error "这里仅给出示例，请自行完善天气数据处理代码,完成后请删除该行"
                  int value_int;
                  char value_string[50];//由于有的参数内容较多，这里默认为50。您可以根据定义的
C51 COMPILER V9.60.0.0   PROTOCOL                                                          02/18/2021 10:10:08 PAGE 9   

             -数，可以适当减少该值
                  
                  my_memset(value_string, '\0', 50);
                  
                  //首先获取数据类型
                  if(type == 0) { //参数是INT型
                      value_int = data[0] << 24 | data[1] << 16 | data[2] << 8 | data[3];
                  }else if(type == 1) {
                      my_strcpy(value_string, data);
                  }
                  
                  //注意要根据所选参数类型来获得参数值！！！
                  if(my_strcmp(name, "temp") == 0) {
                      printf("day:%d temp value is:%d\r\n", day, value_int);          //int 型
                  }else if(my_strcmp(name, "humidity") == 0) {
                      printf("day:%d humidity value is:%d\r\n", day, value_int);      //int 型
                  }else if(my_strcmp(name, "pm25") == 0) {
                      printf("day:%d pm25 value is:%d\r\n", day, value_int);          //int 型
                  }else if(my_strcmp(name, "condition") == 0) {
                      printf("day:%d condition value is:%s\r\n", day, value_string);  //string 型
                  }
              }
              #endif
 501          
 502          #ifdef MCU_DP_UPLOAD_SYN
              /**
               * @brief  状态同步上报结果
               * @param[in] {result} 结果
               * @ref       0: 失败
               * @ref       1: 成功
               * @return Null
               * @note   MCU需要自行实现该功能
               */
              void get_upload_syn_result(unsigned char result)
              {
                  #error "请自行完成状态同步上报结果代码,并删除该行"
                    
                  if(result == 0) {
                      //同步上报出错
                  }else {
                      //同步上报成功
                  }
              }
              #endif
 522          
 523          #ifdef GET_WIFI_STATUS_ENABLE
              /**
               * @brief  获取 WIFI 状态结果
               * @param[in] {result} 指示 WIFI 工作状态
               * @ref       0x00: wifi状态 1 smartconfig 配置状态
               * @ref       0x01: wifi状态 2 AP 配置状态
               * @ref       0x02: wifi状态 3 WIFI 已配置但未连上路由器
               * @ref       0x03: wifi状态 4 WIFI 已配置且连上路由器
               * @ref       0x04: wifi状态 5 已连上路由器且连接到云端
               * @ref       0x05: wifi状态 6 WIFI 设备处于低功耗模式
               * @ref       0x06: wifi状态 7 WIFI 设备处于smartconfig&AP配置状态
               * @return Null
               * @note   MCU需要自行实现该功能
               */
              void get_wifi_status(unsigned char result)
              {
                #error "请自行完成获取 WIFI 状态结果代码,并删除该行"
C51 COMPILER V9.60.0.0   PROTOCOL                                                          02/18/2021 10:10:08 PAGE 10  

               
                  switch(result) {
                      case 0:
                          //wifi工作状态1
                      break;
                  
                      case 1:
                          //wifi工作状态2
                      break;
                      
                      case 2:
                          //wifi工作状态3
                      break;
                      
                      case 3:
                          //wifi工作状态4
                      break;
                      
                      case 4:
                          //wifi工作状态5
                      break;
                      
                      case 5:
                          //wifi工作状态6
                      break;
                    
                      case 6:
                          //wifi工作状态7
                      break;
                      
                      default:break;
                  }
              }
              #endif
 574          
 575          #ifdef WIFI_STREAM_ENABLE
              /**
               * @brief  流服务发送结果
               * @param[in] {result} 结果
               * @ref       0x00: 成功
               * @ref       0x01: 流服务功能未开启
               * @ref       0x02: 流服务器未连接成功
               * @ref       0x03: 数据推送超时
               * @ref       0x04: 传输的数据长度错误
               * @return Null
               * @note   MCU需要自行实现该功能
               */
              void stream_trans_send_result(unsigned char result)
              {
                  #error "这里仅给出示例，请自行完善流服务发送结果处理代码,完成后请删除该
             -行"
                  switch(result) {
                      case 0x00:
                          //成功
                      break;
                      
                      case 0x01:
                          //流服务功能未开启
                      break;
                      
                      case 0x02:
                          //流服务器未连接成功
C51 COMPILER V9.60.0.0   PROTOCOL                                                          02/18/2021 10:10:08 PAGE 11  

                      break;
                      
                      case 0x03:
                          //数据推送超时
                      break;
                      
                      case 0x04:
                          //传输的数据长度错误
                      break;
                      
                      default:break;
                  }
              }
              
              /**
               * @brief  多地图流服务发送结果
               * @param[in] {result} 结果
               * @ref       0x00: 成功
               * @ref       0x01: 失败
               * @return Null
               * @note   MCU需要自行实现该功能
               */
              void maps_stream_trans_send_result(unsigned char result)
              {
                  #error "这里仅给出示例，请自行完善多地图流服务发送结果处理代码,完成后请
             -删除该行"
                  switch(result) {
                      case 0x00:
                          //成功
                      break;
                      
                      case 0x01:
                          //失败
                      break;
                      
                      default:break;
                  }
              }
              #endif
 639          
 640          #ifdef WIFI_CONNECT_TEST_ENABLE
              /**
               * @brief  路由信息接收结果通知
               * @param[in] {result} 模块是否成功接收到正确的路由信息
               * @ref       0x00: 失败
               * @ref       0x01: 成功
               * @return Null
               * @note   MCU需要自行实现该功能
               */
              void wifi_connect_test_result(unsigned char result)
              {
                  #error "请自行实现wifi功能测试成功/失败代码,完成后请删除该行"
                  if(result == 0) {
                      //路由信息接收失败，请检查发出的路由信息包是否是完整的JSON数据包
                  }else {
                      //路由信息接收成功，产测结果请注意WIFI_STATE_CMD指令的wifi工作状态
                  }
              }
              #endif
 659          
 660          #ifdef GET_MODULE_MAC_ENABLE
              /**
C51 COMPILER V9.60.0.0   PROTOCOL                                                          02/18/2021 10:10:08 PAGE 12  

               * @brief  获取模块mac结果
               * @param[in] {mac} 模块 MAC 数据
               * @ref       mac[0]: 为是否获取mac成功标志，0x00 表示成功，0x01 表示失败
               * @ref       mac[1]~mac[6]: 当获取 MAC地址标志位如果mac[0]为成功，则表示模块有效的M
             -AC地址
               * @return Null
               * @note   MCU需要自行实现该功能
               */
              void mcu_get_mac(unsigned char mac[])
              {
                  #error "请自行完成mac获取代码,并删除该行"
                  /*
                  mac[0]为是否获取mac成功标志，0x00 表示成功，为0x01表示失败
                  mac[1]~mac[6]:当获取 MAC地址标志位如果mac[0]为成功，则表示模块有效的MAC地址
                 */
                 
                  if(mac[0] == 1) {
                      //获取mac出错
                  }else {
                      //正确接收到wifi模块返回的mac地址
                  }
              }
              #endif
 684          
 685          #ifdef GET_IR_STATUS_ENABLE
              /**
               * @brief  获取红外状态结果
               * @param[in] {result} 指示红外状态
               * @ref       0x00: 红外状态 1 正在发送红外码
               * @ref       0x01: 红外状态 2 发送红外码结束
               * @ref       0x02: 红外状态 3 红外学习开始
               * @ref       0x03: 红外状态 4 红外学习结束
               * @return Null
               * @note   MCU需要自行实现该功能
               */
              void get_ir_status(unsigned char result)
              {
                  #error "请自行完成红外状态代码,并删除该行"
                  switch(result) {
                      case 0:
                          //红外状态 1
                      break;
                    
                      case 1:
                          //红外状态 2
                      break;
                        
                      case 2:
                          //红外状态 3
                      break;
                        
                      case 3:
                          //红外状态 4
                      break;
                        
                      default:break;
                  }
                  
                  wifi_uart_write_frame(GET_IR_STATUS_CMD, MCU_TX_VER, 0);
              }
              #endif
 722          
C51 COMPILER V9.60.0.0   PROTOCOL                                                          02/18/2021 10:10:08 PAGE 13  

 723          #ifdef IR_TX_RX_TEST_ENABLE
              /**
               * @brief  红外进入收发产测结果通知
               * @param[in] {result} 模块是否成功接收到正确的信息
               * @ref       0x00: 失败
               * @ref       0x01: 成功
               * @return Null
               * @note   MCU需要自行实现该功能
               */
              void ir_tx_rx_test_result(unsigned char result)
              {
                  #error "请自行实现红外进入收发产测功能测试成功/失败代码,完成后请删除该
             -"
                  if(result == 0) {
                      //红外进入收发产测成功
                  }else {
                      //红外进入收发产测失败，请检查发出的数据包
                  }
              }
              #endif
 742          
 743          #ifdef FILE_DOWNLOAD_ENABLE
              /**
               * @brief  文件下载包大小选择
               * @param[in] {package_sz} 文件下载包大小
               * @ref       0x00: 256 byte (默认)
               * @ref       0x01: 512 byte
               * @ref       0x02: 1024 byte
               * @return Null
               * @note   MCU需要自行实现该功能
               */
              void file_download_package_choose(unsigned char package_sz)
              {
                  #error "请自行实现请自行实现文件下载包大小选择代码,完成后请删除该行"
                  unsigned short send_len = 0;
                  send_len = set_wifi_uart_byte(send_len, package_sz);
                  wifi_uart_write_frame(FILE_DOWNLOAD_START_CMD, MCU_TX_VER, send_len);
              }
              
              /**
               * @brief  文件包下载模式
               * @param[in] {value} 数据缓冲区
               * @param[in] {position} 当前数据包在于文件位置
               * @param[in] {length} 当前文件包长度(长度为0时,表示文件包发送完成)
               * @return 数据处理结果
               * -           0(ERROR): 失败
               * -           1(SUCCESS): 成功
               * @note   MCU需要自行实现该功能
               */
              unsigned char file_download_handle(const unsigned char value[],unsigned long position,unsigned short lengt
             -h)
              {
                  #error "请自行完成文件包下载代码,完成后请删除该行"
                  if(length == 0) {
                      //文件包数据发送完成
                      
                  }else {
                      //文件包数据处理
                    
                  }
                  
                  return SUCCESS;
C51 COMPILER V9.60.0.0   PROTOCOL                                                          02/18/2021 10:10:08 PAGE 14  

              }
              #endif
 785          
 786          #ifdef MODULE_EXPANDING_SERVICE_ENABLE
              /**
               * @brief  打开模块时间服务通知结果
               * @param[in] {value} 数据缓冲区
               * @param[in] {length} 数据长度
               * @return Null
               * @note   MCU需要自行实现该功能
               */
              void open_module_time_serve_result(const unsigned char value[], unsigned short length)
              {
                  #error "请自行实现模块时间服务通知结果代码,完成后请删除该行"
                  unsigned char sub_cmd = value[0];
                  
                  switch(sub_cmd) {
                      case 0x01: { //子命令  打开模块时间服务通知
                          if(0x02 != length) {
                              //数据长度错误
                              return;
                          }
                          
                          if(value[1] == 0) {
                              //服务开启成功
                          }else {
                              //服务开启失败
                          }
                      }
                      break;
                      
                      case 0x02: {  //子命令  模块时间服务通知
                          if(0x09 != length) {
                              //数据长度错误
                              return;
                          }
                          
                          unsigned char time_type = value[1]; //0x00:格林时间  0x01:本地时间
                          unsigned char time_data[7];
                          
                          my_memcpy(time_data, value + 2, length - 2);
                          /*
                          Data[0]为年份, 0x00表示2000年
                          Data[1]为月份，从1开始到12结束
                          Data[2]为日期，从1开始到31结束
                          Data[3]为时钟，从0开始到23结束
                          Data[4]为分钟，从0开始到59结束
                          Data[5]为秒钟，从0开始到15结束
                          Data[6]为星期，从1开始到7结束，1代表星期一
                          */
                          
                          //在此处添加时间数据处理代码，time_type为时间类型
                          
                          unsigned short send_len = 0;
                          send_len = set_wifi_uart_byte(send_len,sub_cmd);
                          wifi_uart_write_frame(MODULE_EXTEND_FUN_CMD, MCU_TX_VER, send_len);
                      }
                      break;
                      
                      case 0x03: {  //子命令  主动请求天气服务数据
                          if(0x02 != length) {
                              //数据长度错误
C51 COMPILER V9.60.0.0   PROTOCOL                                                          02/18/2021 10:10:08 PAGE 15  

                              return;
                          }
                          
                          if(value[1] == 0) {
                              //成功
                          }else {
                              //失败
                          }
                      }
                      break;
                      
                      case 0x04: {  //子命令  打开模块重置状态通知
                          if(0x02 != length) {
                              //数据长度错误
                              return;
                          }
                          
                          if(value[1] == 0) {
                              //成功
                          }else {
                              //失败
                          }
                      }
                      break;
                      
                      case 0x05: {  //子命令  模块重置状态通知
                          if(0x02 != length) {
                              //数据长度错误
                              return;
                          }
                          
                          switch(value[1]) {
                              case 0x00:
                                  //模块本地重置
                                  
                              break;
                              case 0x01:
                                  //APP远程重置
                                  
                              break;
                              case 0x02:
                                  //APP恢复出厂重置
                                  
                              break;
                              default:break;
                          }
                          
                          unsigned short send_len = 0;
                          send_len = set_wifi_uart_byte(send_len, sub_cmd);
                          wifi_uart_write_frame(MODULE_EXTEND_FUN_CMD, MCU_TX_VER, send_len);
                      }
                      break;
                      
                      default:break;
                  }
              }
              #endif
 902          
 903          #ifdef BLE_RELATED_FUNCTION_ENABLE
              /**
               * @brief  蓝牙功能性测试结果
               * @param[in] {value} 数据缓冲区
C51 COMPILER V9.60.0.0   PROTOCOL                                                          02/18/2021 10:10:08 PAGE 16  

               * @param[in] {length} 数据长度
               * @return Null
               * @note   MCU需要自行实现该功能
               */
              void BLE_test_result(const unsigned char value[], unsigned short length)
              {
                  #error "请自行实现蓝牙功能性测试结果代码,完成后请删除该行"
                  unsigned char sub_cmd = value[0];
                  
                  if(0x03 != length) {
                      //数据长度错误
                      return;
                  }
                  
                  if(0x01 != sub_cmd) {
                      //子命令错误
                      return;
                  }
                  
                  unsigned char result = value[1];
                  unsigned char rssi = value[2];
                      
                  if(result == 0) {
                      //测试失败
                      if(rssi == 0x00) {
                          //未扫描到名称为 ty_mdev蓝牙信标,请检查
                      }else if(rssi == 0x01) {
                          //模块未授权
                      }
                  }else if(result == 0x01) {
                      //测试成功
                      //rssi为信号强度(0-100, 0信号最差，100信号最强)
                  }
              }
              #endif
 942          
 943          #ifdef VOICE_MODULE_PROTOCOL_ENABLE
              /**
               * @brief  获取语音状态码结果
               * @param[in] {result} 语音状态码
               * @ref       0x00: 空闲
               * @ref       0x01: mic静音状态
               * @ref       0x02: 唤醒
               * @ref       0x03: 正在录音
               * @ref       0x04: 正在识别
               * @ref       0x05: 识别成功
               * @ref       0x06: 识别失败
               * @return Null
               * @note   MCU需要自行实现该功能
               */
              void get_voice_state_result(unsigned char result)
              {
                  #error "请自行实现获取语音状态码结果处理代码,完成后请删除该行"
                  switch(result) {
                      case 0:
                          //空闲
                      break;
                  
                      case 1:
                          //mic静音状态
                      break;
                      
C51 COMPILER V9.60.0.0   PROTOCOL                                                          02/18/2021 10:10:08 PAGE 17  

                      case 2:
                          //唤醒
                      break;
                      
                      case 3:
                          //正在录音
                      break;
                      
                      case 4:
                          //正在识别
                      break;
                  
                      case 5:
                          //识别成功
                      break;
                      
                      case 6:
                          //识别失败
                      break;
                      
                    default:break;
                  }
              }
              
              /**
               * @brief  MIC静音设置结果
               * @param[in] {result} 语音状态码
               * @ref       0x00: mic 开启
               * @ref       0x01: mic 静音
               * @return Null
               * @note   MCU需要自行实现该功能
               */
              void set_voice_MIC_silence_result(unsigned char result)
              {
                  #error "请自行实现MIC静音设置处理代码,完成后请删除该行"
                  if(result == 0) {
                      //mic 开启
                  }else {
                      //mic 静音
                  }
              }
              
              /**
               * @brief  speaker音量设置结果
               * @param[in] {result} 音量值
               * @ref       0~10: 音量范围
               * @return Null
               * @note   MCU需要自行实现该功能
               */
              void set_speaker_voice_result(unsigned char result)
              {
                  #error "请自行实现speaker音量设置结果处理代码,完成后请删除该行"
                  
              }
              
              /**
               * @brief  音频产测结果
               * @param[in] {result} 音频产测状态
               * @ref       0x00: 关闭音频产测
               * @ref       0x01: mic1音频环路测试
               * @ref       0x02: mic2音频环路测试
               * @return Null
C51 COMPILER V9.60.0.0   PROTOCOL                                                          02/18/2021 10:10:08 PAGE 18  

               * @note   MCU需要自行实现该功能
               */
              void voice_test_result(unsigned char result)
              {
                  #error "请自行实现音频产测结果处理代码,完成后请删除该行"
                  if(result == 0x00) {
                      //关闭音频产测
                  }else if(result == 0x01) {
                      //mic1音频环路测试
                  }else if(result == 0x02) {
                      //mic2音频环路测试
                  }
              }
              
              /**
               * @brief  唤醒产测结果
               * @param[in] {result} 唤醒返回值
               * @ref       0x00: 唤醒成功
               * @ref       0x01: 唤醒失败(10s超时失败)
               * @return Null
               * @note   MCU需要自行实现该功能
               */
              void voice_awaken_test_result(unsigned char result)
              {
                  #error "请自行实现唤醒产测结果处理代码,完成后请删除该行"
                  if(result == 0x00) {
                      //唤醒成功
                  }else if(result == 0x01) {
                      //唤醒失败
                  }
              }
              
              /**
               * @brief  语音模组扩展功能
               * @param[in] {value} 数据缓冲区
               * @param[in] {length} 数据长度
               * @return Null
               * @note   MCU需要自行实现该功能
               */
              void voice_module_extend_fun(const unsigned char value[], unsigned short length)
              {
                  unsigned char sub_cmd = value[0];
                  unsigned char play;
                  unsigned char bt_play;
                  unsigned short send_len = 0;
                
                  switch(sub_cmd) {
                      case 0x00: { //子命令  MCU功能设置
                          if(0x02 != length) {
                              //数据长度错误
                              return;
                          }
                          
                          if(value[1] == 0) {
                              //成功
                          }else {
                              //失败
                          }
                      }
                      break;
                      
                      case 0x01: {  //子命令  状态通知
C51 COMPILER V9.60.0.0   PROTOCOL                                                          02/18/2021 10:10:08 PAGE 19  

                          if(0x02 > length) {
                              //数据长度错误
                              return;
                          }
                          
                          unsigned char play = 0xff;
                          unsigned char bt_play = 0xff;
                          
                          const char *str_buff = (const char *)&value[1];
                          const char *str_result = NULL;
                          
                          str_result = strstr(str_buff,"play") + my_strlen("play") + 2;
                          if(NULL == str_result) {
                              //数据错误
                              goto ERR_EXTI;
                          }
                          
                          if(0 == memcmp(str_result, "true", my_strlen("true"))) {
                              play = 1;
                          }else if(0 == memcmp(str_result, "false", my_strlen("false"))) {
                              play = 0;
                          }else {
                              //数据错误
                              goto ERR_EXTI;
                          }
                          
                          str_result = strstr(str_buff,"bt_play") + my_strlen("bt_play") + 2;
                          if(NULL == str_result) {
                              //数据错误
                              goto ERR_EXTI;
                          }
                          
                          if(0 == memcmp(str_result, "true", my_strlen("true"))) {
                              bt_play = 1;
                          }else if(0 == memcmp(str_result, "false", my_strlen("false"))) {
                              bt_play = 0;
                          }else {
                              //数据错误
                              goto ERR_EXTI;
                          }
                          
                          #error "请自行实现语音模组状态通知处理代码,完成后请删除该行"
                          //MCU设置暂仅支持”播放/暂停” ”蓝牙开关”
                          //play    播放/暂停功能  1(播放) / 0(暂停)
                          //bt_play 蓝牙开关功能   1(开)   / 0(关)
                          
                          
                          
                          send_len = 0;
                          send_len = set_wifi_uart_byte(send_len, sub_cmd);
                          send_len = set_wifi_uart_byte(send_len, 0x00);
                          wifi_uart_write_frame(MODULE_EXTEND_FUN_CMD, MCU_TX_VER, send_len);
                      }
                      break;
              
                      default:break;
                  }
                  
                  return;
              
              ERR_EXTI:
                  send_len = 0;
C51 COMPILER V9.60.0.0   PROTOCOL                                                          02/18/2021 10:10:08 PAGE 20  

                  send_len = set_wifi_uart_byte(send_len, sub_cmd);
                  send_len = set_wifi_uart_byte(send_len, 0x01);
                  wifi_uart_write_frame(MODULE_EXTEND_FUN_CMD, MCU_TX_VER, send_len);
                  return;
              }
              #endif
1161          
1162          
1163          
1164          


MODULE INFORMATION:   STATIC OVERLAYABLE
   CODE SIZE        =    274    ----
   CONSTANT SIZE    =   ----    ----
   XDATA SIZE       =     12      15
   PDATA SIZE       =   ----    ----
   DATA SIZE        =   ----    ----
   IDATA SIZE       =   ----    ----
   BIT SIZE         =   ----    ----
END OF MODULE INFORMATION.


C51 COMPILATION COMPLETE.  0 WARNING(S),  0 ERROR(S)
