C51 COMPILER V9.60.0.0   USER_UART                                                         02/18/2021 10:10:07 PAGE 1   


C51 COMPILER V9.60.0.0, COMPILATION OF MODULE USER_UART
OBJECT MODULE PLACED IN .\Obj\User_Uart.obj
COMPILER INVOKED BY: D:\Keil_v5\C51\BIN\C51.EXE src\User_Uart.c LARGE OPTIMIZE(9,SPEED) BROWSE INCDIR(.\;.\src;.\mcu_sdk
                    -) DEBUG OBJECTEXTEND PRINT(.\List\User_Uart.lst) TABS(2) OBJECT(.\Obj\User_Uart.obj)

line level    source

   1          /******************************************************************************
   2          文件名称: Uart.c
   3          文件标识: STC8A8K64S4A12
   4          摘    要: Uart硬件操作函数
   5          当前版本: V1.0  
   6          完成日期: 2021.01.23
   7          *******************************************************************************/
   8          #define USER_UART_GLOBALS
   9          #include "include.h"
  10          #include "wifi.h"
  11          
  12          
  13          
  14          bit busy;
  15          /*****************************************************************************
  16          函数名称 : uart3_init
  17          功能描述 : uart3初始化
  18          输入参数 : 无
  19          返回参数 : 无
  20          使用说明 : 无
  21          *****************************************************************************/
  22          void uart3_init()
  23          {
  24   1        S3CON = 0X10;   //8位数据,可变波特率
  25   1        TH2 = BRT >> 8;
  26   1        TL2 = BRT;
  27   1        AUXR = 0X14;  //Timer2 set as 1T mode ,Timer run enable
  28   1        REN = 1;  //允许接收
  29   1        busy = 0;
  30   1        IE2 = ES3;  //使能串口中断
  31   1        EA = 1;   //允许全局中断
  32   1        //S3BUF = 0x5a;            //发送测试数据
  33   1      }
  34          /*****************************************************************************
  35          函数名称 : Uart_PutChar
  36          功能描述 : 串口发送
  37          输入参数 : dat:待发送数据
  38          返回参数 : 无
  39          使用说明 : 无
  40          *****************************************************************************/
  41          void Uart_PutChar(uint8_t dat)
  42          {
  43   1        while (busy);
  44   1        busy = 1;
  45   1        S3BUF = dat;
  46   1      }
  47          /*****************************************************************************
  48          函数名称 : Uart1_ISR_Handle
  49          功能描述 : Uart1串口中断处理函数
  50          输入参数 : 无
  51          返回参数 : 无
  52          使用说明 : 无
  53          *****************************************************************************/
  54          void Uart3Isr() interrupt 17
C51 COMPILER V9.60.0.0   USER_UART                                                         02/18/2021 10:10:07 PAGE 2   

  55          {
  56   1        if (S3CON & 0x02)
  57   1          {
  58   2              S3CON &= ~0x02;
  59   2              busy = 0;
  60   2            P12 = !P12;                             //测试端口
  61   2          }
  62   1          if (S3CON & 0x01)
  63   1          {
  64   2              S3CON &= ~0x01;
  65   2            P11 = !P11;
  66   2            uart_receive_input(S3BUF);             //测试端口
  67   2          }
  68   1      }


MODULE INFORMATION:   STATIC OVERLAYABLE
   CODE SIZE        =    113    ----
   CONSTANT SIZE    =   ----    ----
   XDATA SIZE       =   ----    ----
   PDATA SIZE       =   ----    ----
   DATA SIZE        =   ----    ----
   IDATA SIZE       =   ----    ----
   BIT SIZE         =      1    ----
END OF MODULE INFORMATION.


C51 COMPILATION COMPLETE.  0 WARNING(S),  0 ERROR(S)
